{"timestamp":"2026-06-04T12:42:59.101604Z","level":"info","event":"::group::Pre Execute","logger":"task","filename":"task_runner.py","lineno":1926}
{"timestamp":"2026-06-04T12:43:03.864177Z","level":"info","event":"DAG bundles loaded: dags-folder, example_dags","task_id":"run_pipeline","try_number":1,"ti_id":"019e92a8-1213-7f5e-aec3-e9c8aee45cdf","dag_id":"lib_pipeline","map_index":-1,"run_id":"scheduled__2026-06-04T12:40:00+00:00","logger":"airflow.dag_processing.bundles.manager.DagBundlesManager","filename":"manager.py","lineno":209}
{"timestamp":"2026-06-04T12:43:03.869090Z","level":"info","event":"Filling up the DagBag from /opt/airflow/dags/dcDAG.py","task_id":"run_pipeline","try_number":1,"ti_id":"019e92a8-1213-7f5e-aec3-e9c8aee45cdf","dag_id":"lib_pipeline","map_index":-1,"run_id":"scheduled__2026-06-04T12:40:00+00:00","logger":"airflow.dag_processing.dagbag.BundleDagBag","filename":"dagbag.py","lineno":469}
{"timestamp":"2026-06-04T12:43:03.885153Z","level":"warning","event":"Import 'DAG' directly from the airflow module is deprecated and will be removed in the future. Please import it from 'airflow.sdk'.","category":"UserWarning","filename":"/opt/airflow/dags/dcDAG.py","lineno":2,"task_id":"run_pipeline","try_number":1,"ti_id":"019e92a8-1213-7f5e-aec3-e9c8aee45cdf","dag_id":"lib_pipeline","map_index":-1,"run_id":"scheduled__2026-06-04T12:40:00+00:00","logger":"py.warnings"}
{"timestamp":"2026-06-04T12:43:03.885347Z","level":"warning","event":"The `airflow.operators.python.PythonOperator` attribute is deprecated. Please use `'airflow.providers.standard.operators.python.PythonOperator'`.","category":"UserWarning","filename":"/opt/airflow/dags/dcDAG.py","lineno":3,"task_id":"run_pipeline","try_number":1,"ti_id":"019e92a8-1213-7f5e-aec3-e9c8aee45cdf","dag_id":"lib_pipeline","map_index":-1,"run_id":"scheduled__2026-06-04T12:40:00+00:00","logger":"py.warnings"}
{"timestamp":"2026-06-04T12:43:03.885456Z","level":"warning","event":"The SLA feature is removed in Airflow 3.0, and replaced with a Deadline Alerts in >=3.1","category":"UserWarning","filename":"<attrs generated methods airflow.sdk.definitions.dag.DAG>","lineno":88,"task_id":"run_pipeline","try_number":1,"ti_id":"019e92a8-1213-7f5e-aec3-e9c8aee45cdf","dag_id":"lib_pipeline","map_index":-1,"run_id":"scheduled__2026-06-04T12:40:00+00:00","logger":"py.warnings"}
{"timestamp":"2026-06-04T12:43:03.885556Z","level":"warning","event":"The SLA feature is removed in Airflow 3.0, replaced with Deadline Alerts in >=3.1","category":"UserWarning","filename":"/home/airflow/.local/lib/python3.13/site-packages/airflow/providers/standard/operators/python.py","lineno":194,"task_id":"run_pipeline","try_number":1,"ti_id":"019e92a8-1213-7f5e-aec3-e9c8aee45cdf","dag_id":"lib_pipeline","map_index":-1,"run_id":"scheduled__2026-06-04T12:40:00+00:00","logger":"py.warnings"}
{"timestamp":"2026-06-04T12:43:03.928217Z","level":"info","event":"Task instance is in running state","logger":"task.stdout"}
{"timestamp":"2026-06-04T12:43:03.928551Z","level":"info","event":" Previous state of the Task instance: TaskInstanceState.QUEUED","logger":"task.stdout"}
{"timestamp":"2026-06-04T12:43:03.928875Z","level":"info","event":"Current task name:run_pipeline","logger":"task.stdout"}
{"timestamp":"2026-06-04T12:43:03.929131Z","level":"info","event":"Dag name:lib_pipeline","logger":"task.stdout"}
{"timestamp":"2026-06-04T12:43:03.928598Z","level":"info","event":"::endgroup::","task_id":"run_pipeline","try_number":1,"ti_id":"019e92a8-1213-7f5e-aec3-e9c8aee45cdf","dag_id":"lib_pipeline","map_index":-1,"run_id":"scheduled__2026-06-04T12:40:00+00:00","logger":"task","filename":"task_runner.py","lineno":1727}
{"timestamp":"2026-06-04T12:43:03.990082Z","level":"warning","event":"The behavior of DataFrame concatenation with empty or all-NA entries is deprecated. In a future version, this will no longer exclude empty or all-NA columns when determining the result dtypes. To retain the old behavior, exclude the relevant entries before the concat operation.","category":"FutureWarning","filename":"/opt/airflow/dags/datacleaner.py","lineno":45,"task_id":"run_pipeline","try_number":1,"ti_id":"019e92a8-1213-7f5e-aec3-e9c8aee45cdf","dag_id":"lib_pipeline","map_index":-1,"run_id":"scheduled__2026-06-04T12:40:00+00:00","logger":"py.warnings"}
{"timestamp":"2026-06-04T12:43:04.183609Z","level":"info","event":"Data written to PostgresDB","logger":"task.stdout"}
{"timestamp":"2026-06-04T12:43:04.183934Z","level":"info","event":"Power BI: Get Data → PostgreSQL database → Server: localhost:5432, Database: library, Username: libadmin","logger":"task.stdout"}
{"timestamp":"2026-06-04T12:43:04.183788Z","level":"info","event":"Done. Returned value was: None","task_id":"run_pipeline","try_number":1,"ti_id":"019e92a8-1213-7f5e-aec3-e9c8aee45cdf","dag_id":"lib_pipeline","map_index":-1,"run_id":"scheduled__2026-06-04T12:40:00+00:00","logger":"airflow.task.operators.airflow.providers.standard.operators.python.PythonOperator","filename":"python.py","lineno":233}
{"timestamp":"2026-06-04T12:43:04.183965Z","level":"info","event":"::group::Post Execute","task_id":"run_pipeline","try_number":1,"ti_id":"019e92a8-1213-7f5e-aec3-e9c8aee45cdf","dag_id":"lib_pipeline","map_index":-1,"run_id":"scheduled__2026-06-04T12:40:00+00:00","logger":"task","filename":"task_runner.py","lineno":1288}
{"timestamp":"2026-06-04T12:43:04.214198Z","level":"info","event":"Pipeline ran successfully on run:  scheduled__2026-06-04T12:40:00+00:00","logger":"task.stdout"}
{"timestamp":"2026-06-04T12:43:04.214576Z","level":"info","event":"Task instance in success state","logger":"task.stdout"}
{"timestamp":"2026-06-04T12:43:04.214882Z","level":"info","event":" Previous state of the Task instance: TaskInstanceState.RUNNING","logger":"task.stdout"}
{"timestamp":"2026-06-04T12:43:04.215200Z","level":"info","event":"Task operator:<Task(PythonOperator): run_pipeline>","logger":"task.stdout"}
{"timestamp":"2026-06-04T12:43:04.214687Z","level":"info","event":"::endgroup::","task_id":"run_pipeline","try_number":1,"ti_id":"019e92a8-1213-7f5e-aec3-e9c8aee45cdf","dag_id":"lib_pipeline","map_index":-1,"run_id":"scheduled__2026-06-04T12:40:00+00:00","logger":"task","filename":"task_runner.py","lineno":1896}
