{"timestamp":"2026-06-04T12:34:55.420932Z","level":"info","event":"::group::Pre Execute","logger":"task","filename":"task_runner.py","lineno":1926}
{"timestamp":"2026-06-04T12:34:55.804511Z","level":"info","event":"DAG bundles loaded: dags-folder, example_dags","task_id":"run_pipeline","try_number":1,"map_index":-1,"ti_id":"019e92a1-25ca-7c50-8fac-32c306842862","dag_id":"lib_pipeline","run_id":"manual__2026-06-04T12:34:55.020172+00:00","logger":"airflow.dag_processing.bundles.manager.DagBundlesManager","filename":"manager.py","lineno":209}
{"timestamp":"2026-06-04T12:34:55.805957Z","level":"info","event":"Filling up the DagBag from /opt/airflow/dags/dcDAG.py","task_id":"run_pipeline","try_number":1,"map_index":-1,"ti_id":"019e92a1-25ca-7c50-8fac-32c306842862","dag_id":"lib_pipeline","run_id":"manual__2026-06-04T12:34:55.020172+00:00","logger":"airflow.dag_processing.dagbag.BundleDagBag","filename":"dagbag.py","lineno":469}
{"timestamp":"2026-06-04T12:34:55.817744Z","level":"warning","event":"Import 'DAG' directly from the airflow module is deprecated and will be removed in the future. Please import it from 'airflow.sdk'.","category":"UserWarning","filename":"/opt/airflow/dags/dcDAG.py","lineno":2,"task_id":"run_pipeline","try_number":1,"map_index":-1,"ti_id":"019e92a1-25ca-7c50-8fac-32c306842862","dag_id":"lib_pipeline","run_id":"manual__2026-06-04T12:34:55.020172+00:00","logger":"py.warnings"}
{"timestamp":"2026-06-04T12:34:55.817953Z","level":"warning","event":"The `airflow.operators.python.PythonOperator` attribute is deprecated. Please use `'airflow.providers.standard.operators.python.PythonOperator'`.","category":"UserWarning","filename":"/opt/airflow/dags/dcDAG.py","lineno":3,"task_id":"run_pipeline","try_number":1,"map_index":-1,"ti_id":"019e92a1-25ca-7c50-8fac-32c306842862","dag_id":"lib_pipeline","run_id":"manual__2026-06-04T12:34:55.020172+00:00","logger":"py.warnings"}
{"timestamp":"2026-06-04T12:34:55.818067Z","level":"warning","event":"The SLA feature is removed in Airflow 3.0, and replaced with a Deadline Alerts in >=3.1","category":"UserWarning","filename":"<attrs generated methods airflow.sdk.definitions.dag.DAG>","lineno":88,"task_id":"run_pipeline","try_number":1,"map_index":-1,"ti_id":"019e92a1-25ca-7c50-8fac-32c306842862","dag_id":"lib_pipeline","run_id":"manual__2026-06-04T12:34:55.020172+00:00","logger":"py.warnings"}
{"timestamp":"2026-06-04T12:34:55.818172Z","level":"warning","event":"The SLA feature is removed in Airflow 3.0, replaced with Deadline Alerts in >=3.1","category":"UserWarning","filename":"/home/airflow/.local/lib/python3.13/site-packages/airflow/providers/standard/operators/python.py","lineno":194,"task_id":"run_pipeline","try_number":1,"map_index":-1,"ti_id":"019e92a1-25ca-7c50-8fac-32c306842862","dag_id":"lib_pipeline","run_id":"manual__2026-06-04T12:34:55.020172+00:00","logger":"py.warnings"}
{"timestamp":"2026-06-04T12:34:55.838776Z","level":"info","event":"Task instance is in running state","logger":"task.stdout"}
{"timestamp":"2026-06-04T12:34:55.839210Z","level":"info","event":" Previous state of the Task instance: TaskInstanceState.QUEUED","logger":"task.stdout"}
{"timestamp":"2026-06-04T12:34:55.839611Z","level":"info","event":"Current task name:run_pipeline","logger":"task.stdout"}
{"timestamp":"2026-06-04T12:34:55.839884Z","level":"info","event":"Dag name:lib_pipeline","logger":"task.stdout"}
{"timestamp":"2026-06-04T12:34:55.839005Z","level":"info","event":"::endgroup::","task_id":"run_pipeline","try_number":1,"map_index":-1,"ti_id":"019e92a1-25ca-7c50-8fac-32c306842862","dag_id":"lib_pipeline","run_id":"manual__2026-06-04T12:34:55.020172+00:00","logger":"task","filename":"task_runner.py","lineno":1727}
{"timestamp":"2026-06-04T12:34:55.866532Z","level":"warning","event":"The behavior of DataFrame concatenation with empty or all-NA entries is deprecated. In a future version, this will no longer exclude empty or all-NA columns when determining the result dtypes. To retain the old behavior, exclude the relevant entries before the concat operation.","category":"FutureWarning","filename":"/opt/airflow/dags/datacleaner.py","lineno":45,"task_id":"run_pipeline","try_number":1,"map_index":-1,"ti_id":"019e92a1-25ca-7c50-8fac-32c306842862","dag_id":"lib_pipeline","run_id":"manual__2026-06-04T12:34:55.020172+00:00","logger":"py.warnings"}
{"timestamp":"2026-06-04T12:34:56.050011Z","level":"info","event":"Data written to PostgresDB","logger":"task.stdout"}
{"timestamp":"2026-06-04T12:34:56.050115Z","level":"info","event":"Done. Returned value was: None","task_id":"run_pipeline","try_number":1,"map_index":-1,"ti_id":"019e92a1-25ca-7c50-8fac-32c306842862","dag_id":"lib_pipeline","run_id":"manual__2026-06-04T12:34:55.020172+00:00","logger":"airflow.task.operators.airflow.providers.standard.operators.python.PythonOperator","filename":"python.py","lineno":233}
{"timestamp":"2026-06-04T12:34:56.050241Z","level":"info","event":"::group::Post Execute","task_id":"run_pipeline","try_number":1,"map_index":-1,"ti_id":"019e92a1-25ca-7c50-8fac-32c306842862","dag_id":"lib_pipeline","run_id":"manual__2026-06-04T12:34:55.020172+00:00","logger":"task","filename":"task_runner.py","lineno":1288}
{"timestamp":"2026-06-04T12:34:56.068382Z","level":"info","event":"Pipeline ran successfully on run:  manual__2026-06-04T12:34:55.020172+00:00","logger":"task.stdout"}
{"timestamp":"2026-06-04T12:34:56.068771Z","level":"info","event":"Task instance in success state","logger":"task.stdout"}
{"timestamp":"2026-06-04T12:34:56.069131Z","level":"info","event":" Previous state of the Task instance: TaskInstanceState.RUNNING","logger":"task.stdout"}
{"timestamp":"2026-06-04T12:34:56.069548Z","level":"info","event":"Task operator:<Task(PythonOperator): run_pipeline>","logger":"task.stdout"}
{"timestamp":"2026-06-04T12:34:56.068745Z","level":"info","event":"::endgroup::","task_id":"run_pipeline","try_number":1,"map_index":-1,"ti_id":"019e92a1-25ca-7c50-8fac-32c306842862","dag_id":"lib_pipeline","run_id":"manual__2026-06-04T12:34:55.020172+00:00","logger":"task","filename":"task_runner.py","lineno":1896}
