{"timestamp":"2026-06-04T13:20:01.071357Z","level":"info","event":"::group::Pre Execute","logger":"task","filename":"task_runner.py","lineno":1926}
{"timestamp":"2026-06-04T13:20:01.430324Z","level":"info","event":"DAG bundles loaded: dags-folder, example_dags","run_id":"scheduled__2026-06-04T13:20:00+00:00","map_index":-1,"dag_id":"lib_pipeline","ti_id":"019e92ca-6f57-7371-9404-5729427caa39","task_id":"run_pipeline","try_number":1,"logger":"airflow.dag_processing.bundles.manager.DagBundlesManager","filename":"manager.py","lineno":209}
{"timestamp":"2026-06-04T13:20:01.432061Z","level":"info","event":"Filling up the DagBag from /opt/airflow/dags/dcDAG.py","run_id":"scheduled__2026-06-04T13:20:00+00:00","map_index":-1,"dag_id":"lib_pipeline","ti_id":"019e92ca-6f57-7371-9404-5729427caa39","task_id":"run_pipeline","try_number":1,"logger":"airflow.dag_processing.dagbag.BundleDagBag","filename":"dagbag.py","lineno":469}
{"timestamp":"2026-06-04T13:20:01.444100Z","level":"warning","event":"Import 'DAG' directly from the airflow module is deprecated and will be removed in the future. Please import it from 'airflow.sdk'.","category":"UserWarning","filename":"/opt/airflow/dags/dcDAG.py","lineno":2,"run_id":"scheduled__2026-06-04T13:20:00+00:00","map_index":-1,"dag_id":"lib_pipeline","ti_id":"019e92ca-6f57-7371-9404-5729427caa39","task_id":"run_pipeline","try_number":1,"logger":"py.warnings"}
{"timestamp":"2026-06-04T13:20:01.444309Z","level":"warning","event":"The `airflow.operators.python.PythonOperator` attribute is deprecated. Please use `'airflow.providers.standard.operators.python.PythonOperator'`.","category":"UserWarning","filename":"/opt/airflow/dags/dcDAG.py","lineno":3,"run_id":"scheduled__2026-06-04T13:20:00+00:00","map_index":-1,"dag_id":"lib_pipeline","ti_id":"019e92ca-6f57-7371-9404-5729427caa39","task_id":"run_pipeline","try_number":1,"logger":"py.warnings"}
{"timestamp":"2026-06-04T13:20:01.444418Z","level":"warning","event":"The SLA feature is removed in Airflow 3.0, and replaced with a Deadline Alerts in >=3.1","category":"UserWarning","filename":"<attrs generated methods airflow.sdk.definitions.dag.DAG>","lineno":88,"run_id":"scheduled__2026-06-04T13:20:00+00:00","map_index":-1,"dag_id":"lib_pipeline","ti_id":"019e92ca-6f57-7371-9404-5729427caa39","task_id":"run_pipeline","try_number":1,"logger":"py.warnings"}
{"timestamp":"2026-06-04T13:20:01.444516Z","level":"warning","event":"The SLA feature is removed in Airflow 3.0, replaced with Deadline Alerts in >=3.1","category":"UserWarning","filename":"/home/airflow/.local/lib/python3.13/site-packages/airflow/providers/standard/operators/python.py","lineno":194,"run_id":"scheduled__2026-06-04T13:20:00+00:00","map_index":-1,"dag_id":"lib_pipeline","ti_id":"019e92ca-6f57-7371-9404-5729427caa39","task_id":"run_pipeline","try_number":1,"logger":"py.warnings"}
{"timestamp":"2026-06-04T13:20:01.464420Z","level":"info","event":"Task instance is in running state","logger":"task.stdout"}
{"timestamp":"2026-06-04T13:20:01.464840Z","level":"info","event":" Previous state of the Task instance: TaskInstanceState.QUEUED","logger":"task.stdout"}
{"timestamp":"2026-06-04T13:20:01.465254Z","level":"info","event":"Current task name:run_pipeline","logger":"task.stdout"}
{"timestamp":"2026-06-04T13:20:01.465579Z","level":"info","event":"Dag name:lib_pipeline","logger":"task.stdout"}
{"timestamp":"2026-06-04T13:20:01.464797Z","level":"info","event":"::endgroup::","run_id":"scheduled__2026-06-04T13:20:00+00:00","map_index":-1,"dag_id":"lib_pipeline","ti_id":"019e92ca-6f57-7371-9404-5729427caa39","task_id":"run_pipeline","try_number":1,"logger":"task","filename":"task_runner.py","lineno":1727}
{"timestamp":"2026-06-04T13:20:01.494858Z","level":"warning","event":"The behavior of DataFrame concatenation with empty or all-NA entries is deprecated. In a future version, this will no longer exclude empty or all-NA columns when determining the result dtypes. To retain the old behavior, exclude the relevant entries before the concat operation.","category":"FutureWarning","filename":"/opt/airflow/dags/datacleaner.py","lineno":45,"run_id":"scheduled__2026-06-04T13:20:00+00:00","map_index":-1,"dag_id":"lib_pipeline","ti_id":"019e92ca-6f57-7371-9404-5729427caa39","task_id":"run_pipeline","try_number":1,"logger":"py.warnings"}
{"timestamp":"2026-06-04T13:20:01.694074Z","level":"info","event":"Data written to PostgresDB","logger":"task.stdout"}
{"timestamp":"2026-06-04T13:20:01.694508Z","level":"info","event":"Power BI: Get Data → PostgreSQL database → Server: localhost:5432, Database: library, Username: libadmin","logger":"task.stdout"}
{"timestamp":"2026-06-04T13:20:01.694236Z","level":"info","event":"Done. Returned value was: None","run_id":"scheduled__2026-06-04T13:20:00+00:00","map_index":-1,"dag_id":"lib_pipeline","ti_id":"019e92ca-6f57-7371-9404-5729427caa39","task_id":"run_pipeline","try_number":1,"logger":"airflow.task.operators.airflow.providers.standard.operators.python.PythonOperator","filename":"python.py","lineno":233}
{"timestamp":"2026-06-04T13:20:01.694373Z","level":"info","event":"::group::Post Execute","run_id":"scheduled__2026-06-04T13:20:00+00:00","map_index":-1,"dag_id":"lib_pipeline","ti_id":"019e92ca-6f57-7371-9404-5729427caa39","task_id":"run_pipeline","try_number":1,"logger":"task","filename":"task_runner.py","lineno":1288}
{"timestamp":"2026-06-04T13:20:01.713127Z","level":"info","event":"Pipeline ran successfully on run:  scheduled__2026-06-04T13:20:00+00:00","logger":"task.stdout"}
{"timestamp":"2026-06-04T13:20:01.713506Z","level":"info","event":"Task instance in success state","logger":"task.stdout"}
{"timestamp":"2026-06-04T13:20:01.713849Z","level":"info","event":" Previous state of the Task instance: TaskInstanceState.RUNNING","logger":"task.stdout"}
{"timestamp":"2026-06-04T13:20:01.714269Z","level":"info","event":"Task operator:<Task(PythonOperator): run_pipeline>","logger":"task.stdout"}
{"timestamp":"2026-06-04T13:20:01.713503Z","level":"info","event":"::endgroup::","run_id":"scheduled__2026-06-04T13:20:00+00:00","map_index":-1,"dag_id":"lib_pipeline","ti_id":"019e92ca-6f57-7371-9404-5729427caa39","task_id":"run_pipeline","try_number":1,"logger":"task","filename":"task_runner.py","lineno":1896}
