{"timestamp":"2026-06-04T13:11:32.813271Z","level":"info","event":"::group::Pre Execute","logger":"task","filename":"task_runner.py","lineno":1926}
{"timestamp":"2026-06-04T13:11:37.818817Z","level":"info","event":"DAG bundles loaded: dags-folder, example_dags","task_id":"run_pipeline","ti_id":"019e92c2-aab8-76c0-846f-94368123ec96","dag_id":"lib_pipeline","map_index":-1,"run_id":"manual__2026-06-04T13:11:31.746589+00:00","try_number":1,"logger":"airflow.dag_processing.bundles.manager.DagBundlesManager","filename":"manager.py","lineno":209}
{"timestamp":"2026-06-04T13:11:37.820204Z","level":"info","event":"Filling up the DagBag from /opt/airflow/dags/dcDAG.py","task_id":"run_pipeline","ti_id":"019e92c2-aab8-76c0-846f-94368123ec96","dag_id":"lib_pipeline","map_index":-1,"run_id":"manual__2026-06-04T13:11:31.746589+00:00","try_number":1,"logger":"airflow.dag_processing.dagbag.BundleDagBag","filename":"dagbag.py","lineno":469}
{"timestamp":"2026-06-04T13:11:37.830973Z","level":"warning","event":"Import 'DAG' directly from the airflow module is deprecated and will be removed in the future. Please import it from 'airflow.sdk'.","category":"UserWarning","filename":"/opt/airflow/dags/dcDAG.py","lineno":2,"task_id":"run_pipeline","ti_id":"019e92c2-aab8-76c0-846f-94368123ec96","dag_id":"lib_pipeline","map_index":-1,"run_id":"manual__2026-06-04T13:11:31.746589+00:00","try_number":1,"logger":"py.warnings"}
{"timestamp":"2026-06-04T13:11:37.831181Z","level":"warning","event":"The `airflow.operators.python.PythonOperator` attribute is deprecated. Please use `'airflow.providers.standard.operators.python.PythonOperator'`.","category":"UserWarning","filename":"/opt/airflow/dags/dcDAG.py","lineno":3,"task_id":"run_pipeline","ti_id":"019e92c2-aab8-76c0-846f-94368123ec96","dag_id":"lib_pipeline","map_index":-1,"run_id":"manual__2026-06-04T13:11:31.746589+00:00","try_number":1,"logger":"py.warnings"}
{"timestamp":"2026-06-04T13:11:37.831294Z","level":"warning","event":"The SLA feature is removed in Airflow 3.0, and replaced with a Deadline Alerts in >=3.1","category":"UserWarning","filename":"<attrs generated methods airflow.sdk.definitions.dag.DAG>","lineno":88,"task_id":"run_pipeline","ti_id":"019e92c2-aab8-76c0-846f-94368123ec96","dag_id":"lib_pipeline","map_index":-1,"run_id":"manual__2026-06-04T13:11:31.746589+00:00","try_number":1,"logger":"py.warnings"}
{"timestamp":"2026-06-04T13:11:37.831414Z","level":"warning","event":"The SLA feature is removed in Airflow 3.0, replaced with Deadline Alerts in >=3.1","category":"UserWarning","filename":"/home/airflow/.local/lib/python3.13/site-packages/airflow/providers/standard/operators/python.py","lineno":194,"task_id":"run_pipeline","ti_id":"019e92c2-aab8-76c0-846f-94368123ec96","dag_id":"lib_pipeline","map_index":-1,"run_id":"manual__2026-06-04T13:11:31.746589+00:00","try_number":1,"logger":"py.warnings"}
{"timestamp":"2026-06-04T13:11:37.888203Z","level":"info","event":"Task instance is in running state","logger":"task.stdout"}
{"timestamp":"2026-06-04T13:11:37.889129Z","level":"info","event":" Previous state of the Task instance: TaskInstanceState.QUEUED","logger":"task.stdout"}
{"timestamp":"2026-06-04T13:11:37.889627Z","level":"info","event":"Current task name:run_pipeline","logger":"task.stdout"}
{"timestamp":"2026-06-04T13:11:37.889915Z","level":"info","event":"Dag name:lib_pipeline","logger":"task.stdout"}
{"timestamp":"2026-06-04T13:11:37.888684Z","level":"info","event":"::endgroup::","task_id":"run_pipeline","ti_id":"019e92c2-aab8-76c0-846f-94368123ec96","dag_id":"lib_pipeline","map_index":-1,"run_id":"manual__2026-06-04T13:11:31.746589+00:00","try_number":1,"logger":"task","filename":"task_runner.py","lineno":1727}
{"timestamp":"2026-06-04T13:11:37.934638Z","level":"warning","event":"The behavior of DataFrame concatenation with empty or all-NA entries is deprecated. In a future version, this will no longer exclude empty or all-NA columns when determining the result dtypes. To retain the old behavior, exclude the relevant entries before the concat operation.","category":"FutureWarning","filename":"/opt/airflow/dags/datacleaner.py","lineno":45,"task_id":"run_pipeline","ti_id":"019e92c2-aab8-76c0-846f-94368123ec96","dag_id":"lib_pipeline","map_index":-1,"run_id":"manual__2026-06-04T13:11:31.746589+00:00","try_number":1,"logger":"py.warnings"}
{"timestamp":"2026-06-04T13:11:38.232616Z","level":"info","event":"Data written to PostgresDB","logger":"task.stdout"}
{"timestamp":"2026-06-04T13:11:38.234258Z","level":"info","event":"Power BI: Get Data → PostgreSQL database → Server: localhost:5432, Database: library, Username: libadmin","logger":"task.stdout"}
{"timestamp":"2026-06-04T13:11:38.232784Z","level":"info","event":"Done. Returned value was: None","task_id":"run_pipeline","ti_id":"019e92c2-aab8-76c0-846f-94368123ec96","dag_id":"lib_pipeline","map_index":-1,"run_id":"manual__2026-06-04T13:11:31.746589+00:00","try_number":1,"logger":"airflow.task.operators.airflow.providers.standard.operators.python.PythonOperator","filename":"python.py","lineno":233}
{"timestamp":"2026-06-04T13:11:38.232928Z","level":"info","event":"::group::Post Execute","task_id":"run_pipeline","ti_id":"019e92c2-aab8-76c0-846f-94368123ec96","dag_id":"lib_pipeline","map_index":-1,"run_id":"manual__2026-06-04T13:11:31.746589+00:00","try_number":1,"logger":"task","filename":"task_runner.py","lineno":1288}
{"timestamp":"2026-06-04T13:11:38.268255Z","level":"info","event":"Pipeline ran successfully on run:  manual__2026-06-04T13:11:31.746589+00:00","logger":"task.stdout"}
{"timestamp":"2026-06-04T13:11:38.268606Z","level":"info","event":"Task instance in success state","logger":"task.stdout"}
{"timestamp":"2026-06-04T13:11:38.268908Z","level":"info","event":" Previous state of the Task instance: TaskInstanceState.RUNNING","logger":"task.stdout"}
{"timestamp":"2026-06-04T13:11:38.269286Z","level":"info","event":"Task operator:<Task(PythonOperator): run_pipeline>","logger":"task.stdout"}
{"timestamp":"2026-06-04T13:11:38.268646Z","level":"info","event":"::endgroup::","task_id":"run_pipeline","ti_id":"019e92c2-aab8-76c0-846f-94368123ec96","dag_id":"lib_pipeline","map_index":-1,"run_id":"manual__2026-06-04T13:11:31.746589+00:00","try_number":1,"logger":"task","filename":"task_runner.py","lineno":1896}
