{"timestamp":"2026-06-04T13:40:01.111758Z","level":"info","event":"::group::Pre Execute","logger":"task","filename":"task_runner.py","lineno":1926}
{"timestamp":"2026-06-04T13:40:01.469837Z","level":"info","event":"DAG bundles loaded: dags-folder, example_dags","task_id":"run_pipeline","map_index":-1,"dag_id":"lib_pipeline","try_number":1,"ti_id":"019e92dc-bf36-7472-9c7f-966c0f2bd069","run_id":"scheduled__2026-06-04T13:40:00+00:00","logger":"airflow.dag_processing.bundles.manager.DagBundlesManager","filename":"manager.py","lineno":209}
{"timestamp":"2026-06-04T13:40:01.471423Z","level":"info","event":"Filling up the DagBag from /opt/airflow/dags/dcDAG.py","task_id":"run_pipeline","map_index":-1,"dag_id":"lib_pipeline","try_number":1,"ti_id":"019e92dc-bf36-7472-9c7f-966c0f2bd069","run_id":"scheduled__2026-06-04T13:40:00+00:00","logger":"airflow.dag_processing.dagbag.BundleDagBag","filename":"dagbag.py","lineno":469}
{"timestamp":"2026-06-04T13:40:01.483222Z","level":"warning","event":"Import 'DAG' directly from the airflow module is deprecated and will be removed in the future. Please import it from 'airflow.sdk'.","category":"UserWarning","filename":"/opt/airflow/dags/dcDAG.py","lineno":2,"task_id":"run_pipeline","map_index":-1,"dag_id":"lib_pipeline","try_number":1,"ti_id":"019e92dc-bf36-7472-9c7f-966c0f2bd069","run_id":"scheduled__2026-06-04T13:40:00+00:00","logger":"py.warnings"}
{"timestamp":"2026-06-04T13:40:01.483432Z","level":"warning","event":"The `airflow.operators.python.PythonOperator` attribute is deprecated. Please use `'airflow.providers.standard.operators.python.PythonOperator'`.","category":"UserWarning","filename":"/opt/airflow/dags/dcDAG.py","lineno":3,"task_id":"run_pipeline","map_index":-1,"dag_id":"lib_pipeline","try_number":1,"ti_id":"019e92dc-bf36-7472-9c7f-966c0f2bd069","run_id":"scheduled__2026-06-04T13:40:00+00:00","logger":"py.warnings"}
{"timestamp":"2026-06-04T13:40:01.483550Z","level":"warning","event":"The SLA feature is removed in Airflow 3.0, and replaced with a Deadline Alerts in >=3.1","category":"UserWarning","filename":"<attrs generated methods airflow.sdk.definitions.dag.DAG>","lineno":88,"task_id":"run_pipeline","map_index":-1,"dag_id":"lib_pipeline","try_number":1,"ti_id":"019e92dc-bf36-7472-9c7f-966c0f2bd069","run_id":"scheduled__2026-06-04T13:40:00+00:00","logger":"py.warnings"}
{"timestamp":"2026-06-04T13:40:01.483654Z","level":"warning","event":"The SLA feature is removed in Airflow 3.0, replaced with Deadline Alerts in >=3.1","category":"UserWarning","filename":"/home/airflow/.local/lib/python3.13/site-packages/airflow/providers/standard/operators/python.py","lineno":194,"task_id":"run_pipeline","map_index":-1,"dag_id":"lib_pipeline","try_number":1,"ti_id":"019e92dc-bf36-7472-9c7f-966c0f2bd069","run_id":"scheduled__2026-06-04T13:40:00+00:00","logger":"py.warnings"}
{"timestamp":"2026-06-04T13:40:01.503932Z","level":"info","event":"Task instance is in running state","logger":"task.stdout"}
{"timestamp":"2026-06-04T13:40:01.504455Z","level":"info","event":" Previous state of the Task instance: TaskInstanceState.QUEUED","logger":"task.stdout"}
{"timestamp":"2026-06-04T13:40:01.506028Z","level":"info","event":"Current task name:run_pipeline","logger":"task.stdout"}
{"timestamp":"2026-06-04T13:40:01.507410Z","level":"info","event":"Dag name:lib_pipeline","logger":"task.stdout"}
{"timestamp":"2026-06-04T13:40:01.504206Z","level":"info","event":"::endgroup::","task_id":"run_pipeline","map_index":-1,"dag_id":"lib_pipeline","try_number":1,"ti_id":"019e92dc-bf36-7472-9c7f-966c0f2bd069","run_id":"scheduled__2026-06-04T13:40:00+00:00","logger":"task","filename":"task_runner.py","lineno":1727}
{"timestamp":"2026-06-04T13:40:01.541240Z","level":"warning","event":"The behavior of DataFrame concatenation with empty or all-NA entries is deprecated. In a future version, this will no longer exclude empty or all-NA columns when determining the result dtypes. To retain the old behavior, exclude the relevant entries before the concat operation.","category":"FutureWarning","filename":"/opt/airflow/dags/datacleaner.py","lineno":47,"task_id":"run_pipeline","map_index":-1,"dag_id":"lib_pipeline","try_number":1,"ti_id":"019e92dc-bf36-7472-9c7f-966c0f2bd069","run_id":"scheduled__2026-06-04T13:40:00+00:00","logger":"py.warnings"}
{"timestamp":"2026-06-04T13:40:01.741137Z","level":"info","event":"Data written to PostgresDB","logger":"task.stdout"}
{"timestamp":"2026-06-04T13:40:01.741237Z","level":"info","event":"Power BI: Get Data → PostgreSQL database → Server: localhost:5432, Database: library, Username: libadmin","logger":"datacleaner","task_id":"run_pipeline","map_index":-1,"dag_id":"lib_pipeline","try_number":1,"ti_id":"019e92dc-bf36-7472-9c7f-966c0f2bd069","run_id":"scheduled__2026-06-04T13:40:00+00:00","filename":"datacleaner.py","lineno":106}
{"timestamp":"2026-06-04T13:40:01.741577Z","level":"info","event":"Done. Returned value was: None","task_id":"run_pipeline","map_index":-1,"dag_id":"lib_pipeline","try_number":1,"ti_id":"019e92dc-bf36-7472-9c7f-966c0f2bd069","run_id":"scheduled__2026-06-04T13:40:00+00:00","logger":"airflow.task.operators.airflow.providers.standard.operators.python.PythonOperator","filename":"python.py","lineno":233}
{"timestamp":"2026-06-04T13:40:01.741677Z","level":"info","event":"::group::Post Execute","task_id":"run_pipeline","map_index":-1,"dag_id":"lib_pipeline","try_number":1,"ti_id":"019e92dc-bf36-7472-9c7f-966c0f2bd069","run_id":"scheduled__2026-06-04T13:40:00+00:00","logger":"task","filename":"task_runner.py","lineno":1288}
{"timestamp":"2026-06-04T13:40:01.761445Z","level":"info","event":"Pipeline ran successfully on run:  scheduled__2026-06-04T13:40:00+00:00","logger":"task.stdout"}
{"timestamp":"2026-06-04T13:40:01.761929Z","level":"info","event":"Task instance in success state","logger":"task.stdout"}
{"timestamp":"2026-06-04T13:40:01.762330Z","level":"info","event":" Previous state of the Task instance: TaskInstanceState.RUNNING","logger":"task.stdout"}
{"timestamp":"2026-06-04T13:40:01.762795Z","level":"info","event":"Task operator:<Task(PythonOperator): run_pipeline>","logger":"task.stdout"}
{"timestamp":"2026-06-04T13:40:01.761754Z","level":"info","event":"::endgroup::","task_id":"run_pipeline","map_index":-1,"dag_id":"lib_pipeline","try_number":1,"ti_id":"019e92dc-bf36-7472-9c7f-966c0f2bd069","run_id":"scheduled__2026-06-04T13:40:00+00:00","logger":"task","filename":"task_runner.py","lineno":1896}
