{"timestamp":"2026-06-04T13:28:26.576173Z","level":"info","event":"::group::Pre Execute","logger":"task","filename":"task_runner.py","lineno":1926}
{"timestamp":"2026-06-04T13:28:31.409904Z","level":"info","event":"DAG bundles loaded: dags-folder, example_dags","task_id":"run_pipeline","dag_id":"lib_pipeline","map_index":-1,"try_number":1,"ti_id":"019e92d2-20a6-75e7-971e-6e1abf2b6442","run_id":"manual__2026-06-04T13:28:24.973463+00:00","logger":"airflow.dag_processing.bundles.manager.DagBundlesManager","filename":"manager.py","lineno":209}
{"timestamp":"2026-06-04T13:28:31.411601Z","level":"info","event":"Filling up the DagBag from /opt/airflow/dags/dcDAG.py","task_id":"run_pipeline","dag_id":"lib_pipeline","map_index":-1,"try_number":1,"ti_id":"019e92d2-20a6-75e7-971e-6e1abf2b6442","run_id":"manual__2026-06-04T13:28:24.973463+00:00","logger":"airflow.dag_processing.dagbag.BundleDagBag","filename":"dagbag.py","lineno":469}
{"timestamp":"2026-06-04T13:28:31.426919Z","level":"warning","event":"Import 'DAG' directly from the airflow module is deprecated and will be removed in the future. Please import it from 'airflow.sdk'.","category":"UserWarning","filename":"/opt/airflow/dags/dcDAG.py","lineno":2,"task_id":"run_pipeline","dag_id":"lib_pipeline","map_index":-1,"try_number":1,"ti_id":"019e92d2-20a6-75e7-971e-6e1abf2b6442","run_id":"manual__2026-06-04T13:28:24.973463+00:00","logger":"py.warnings"}
{"timestamp":"2026-06-04T13:28:31.427115Z","level":"warning","event":"The `airflow.operators.python.PythonOperator` attribute is deprecated. Please use `'airflow.providers.standard.operators.python.PythonOperator'`.","category":"UserWarning","filename":"/opt/airflow/dags/dcDAG.py","lineno":3,"task_id":"run_pipeline","dag_id":"lib_pipeline","map_index":-1,"try_number":1,"ti_id":"019e92d2-20a6-75e7-971e-6e1abf2b6442","run_id":"manual__2026-06-04T13:28:24.973463+00:00","logger":"py.warnings"}
{"timestamp":"2026-06-04T13:28:31.427248Z","level":"warning","event":"The SLA feature is removed in Airflow 3.0, and replaced with a Deadline Alerts in >=3.1","category":"UserWarning","filename":"<attrs generated methods airflow.sdk.definitions.dag.DAG>","lineno":88,"task_id":"run_pipeline","dag_id":"lib_pipeline","map_index":-1,"try_number":1,"ti_id":"019e92d2-20a6-75e7-971e-6e1abf2b6442","run_id":"manual__2026-06-04T13:28:24.973463+00:00","logger":"py.warnings"}
{"timestamp":"2026-06-04T13:28:31.427350Z","level":"warning","event":"The SLA feature is removed in Airflow 3.0, replaced with Deadline Alerts in >=3.1","category":"UserWarning","filename":"/home/airflow/.local/lib/python3.13/site-packages/airflow/providers/standard/operators/python.py","lineno":194,"task_id":"run_pipeline","dag_id":"lib_pipeline","map_index":-1,"try_number":1,"ti_id":"019e92d2-20a6-75e7-971e-6e1abf2b6442","run_id":"manual__2026-06-04T13:28:24.973463+00:00","logger":"py.warnings"}
{"timestamp":"2026-06-04T13:28:31.469728Z","level":"info","event":"Task instance is in running state","logger":"task.stdout"}
{"timestamp":"2026-06-04T13:28:31.470146Z","level":"info","event":" Previous state of the Task instance: TaskInstanceState.QUEUED","logger":"task.stdout"}
{"timestamp":"2026-06-04T13:28:31.470769Z","level":"info","event":"Current task name:run_pipeline","logger":"task.stdout"}
{"timestamp":"2026-06-04T13:28:31.471088Z","level":"info","event":"Dag name:lib_pipeline","logger":"task.stdout"}
{"timestamp":"2026-06-04T13:28:31.470051Z","level":"info","event":"::endgroup::","task_id":"run_pipeline","dag_id":"lib_pipeline","map_index":-1,"try_number":1,"ti_id":"019e92d2-20a6-75e7-971e-6e1abf2b6442","run_id":"manual__2026-06-04T13:28:24.973463+00:00","logger":"task","filename":"task_runner.py","lineno":1727}
{"timestamp":"2026-06-04T13:28:31.512359Z","level":"warning","event":"The behavior of DataFrame concatenation with empty or all-NA entries is deprecated. In a future version, this will no longer exclude empty or all-NA columns when determining the result dtypes. To retain the old behavior, exclude the relevant entries before the concat operation.","category":"FutureWarning","filename":"/opt/airflow/dags/datacleaner.py","lineno":47,"task_id":"run_pipeline","dag_id":"lib_pipeline","map_index":-1,"try_number":1,"ti_id":"019e92d2-20a6-75e7-971e-6e1abf2b6442","run_id":"manual__2026-06-04T13:28:24.973463+00:00","logger":"py.warnings"}
{"timestamp":"2026-06-04T13:28:31.705285Z","level":"info","event":"Data written to PostgresDB","logger":"task.stdout"}
{"timestamp":"2026-06-04T13:28:31.705425Z","level":"info","event":"Power BI: Get Data → PostgreSQL database → Server: localhost:5432, Database: library, Username: libadmin","logger":"datacleaner","task_id":"run_pipeline","dag_id":"lib_pipeline","map_index":-1,"try_number":1,"ti_id":"019e92d2-20a6-75e7-971e-6e1abf2b6442","run_id":"manual__2026-06-04T13:28:24.973463+00:00","filename":"datacleaner.py","lineno":106}
{"timestamp":"2026-06-04T13:28:31.705795Z","level":"info","event":"Done. Returned value was: None","task_id":"run_pipeline","dag_id":"lib_pipeline","map_index":-1,"try_number":1,"ti_id":"019e92d2-20a6-75e7-971e-6e1abf2b6442","run_id":"manual__2026-06-04T13:28:24.973463+00:00","logger":"airflow.task.operators.airflow.providers.standard.operators.python.PythonOperator","filename":"python.py","lineno":233}
{"timestamp":"2026-06-04T13:28:31.705903Z","level":"info","event":"::group::Post Execute","task_id":"run_pipeline","dag_id":"lib_pipeline","map_index":-1,"try_number":1,"ti_id":"019e92d2-20a6-75e7-971e-6e1abf2b6442","run_id":"manual__2026-06-04T13:28:24.973463+00:00","logger":"task","filename":"task_runner.py","lineno":1288}
{"timestamp":"2026-06-04T13:28:31.736833Z","level":"info","event":"Pipeline ran successfully on run:  manual__2026-06-04T13:28:24.973463+00:00","logger":"task.stdout"}
{"timestamp":"2026-06-04T13:28:31.737245Z","level":"info","event":"Task instance in success state","logger":"task.stdout"}
{"timestamp":"2026-06-04T13:28:31.737631Z","level":"info","event":" Previous state of the Task instance: TaskInstanceState.RUNNING","logger":"task.stdout"}
{"timestamp":"2026-06-04T13:28:31.738041Z","level":"info","event":"Task operator:<Task(PythonOperator): run_pipeline>","logger":"task.stdout"}
{"timestamp":"2026-06-04T13:28:31.737141Z","level":"info","event":"::endgroup::","task_id":"run_pipeline","dag_id":"lib_pipeline","map_index":-1,"try_number":1,"ti_id":"019e92d2-20a6-75e7-971e-6e1abf2b6442","run_id":"manual__2026-06-04T13:28:24.973463+00:00","logger":"task","filename":"task_runner.py","lineno":1896}
