{"timestamp":"2026-06-04T13:00:00.875424Z","level":"info","event":"::group::Pre Execute","logger":"task","filename":"task_runner.py","lineno":1926}
{"timestamp":"2026-06-04T13:00:01.315129Z","level":"info","event":"DAG bundles loaded: dags-folder, example_dags","run_id":"scheduled__2026-06-04T13:00:00+00:00","dag_id":"lib_pipeline","map_index":-1,"task_id":"run_pipeline","try_number":1,"ti_id":"019e92b8-1f47-727d-81ef-86de6b7c9c3e","logger":"airflow.dag_processing.bundles.manager.DagBundlesManager","filename":"manager.py","lineno":209}
{"timestamp":"2026-06-04T13:00:01.316692Z","level":"info","event":"Filling up the DagBag from /opt/airflow/dags/dcDAG.py","run_id":"scheduled__2026-06-04T13:00:00+00:00","dag_id":"lib_pipeline","map_index":-1,"task_id":"run_pipeline","try_number":1,"ti_id":"019e92b8-1f47-727d-81ef-86de6b7c9c3e","logger":"airflow.dag_processing.dagbag.BundleDagBag","filename":"dagbag.py","lineno":469}
{"timestamp":"2026-06-04T13:00:01.327362Z","level":"warning","event":"Import 'DAG' directly from the airflow module is deprecated and will be removed in the future. Please import it from 'airflow.sdk'.","category":"UserWarning","filename":"/opt/airflow/dags/dcDAG.py","lineno":2,"run_id":"scheduled__2026-06-04T13:00:00+00:00","dag_id":"lib_pipeline","map_index":-1,"task_id":"run_pipeline","try_number":1,"ti_id":"019e92b8-1f47-727d-81ef-86de6b7c9c3e","logger":"py.warnings"}
{"timestamp":"2026-06-04T13:00:01.327587Z","level":"warning","event":"The `airflow.operators.python.PythonOperator` attribute is deprecated. Please use `'airflow.providers.standard.operators.python.PythonOperator'`.","category":"UserWarning","filename":"/opt/airflow/dags/dcDAG.py","lineno":3,"run_id":"scheduled__2026-06-04T13:00:00+00:00","dag_id":"lib_pipeline","map_index":-1,"task_id":"run_pipeline","try_number":1,"ti_id":"019e92b8-1f47-727d-81ef-86de6b7c9c3e","logger":"py.warnings"}
{"timestamp":"2026-06-04T13:00:01.327705Z","level":"warning","event":"The SLA feature is removed in Airflow 3.0, and replaced with a Deadline Alerts in >=3.1","category":"UserWarning","filename":"<attrs generated methods airflow.sdk.definitions.dag.DAG>","lineno":88,"run_id":"scheduled__2026-06-04T13:00:00+00:00","dag_id":"lib_pipeline","map_index":-1,"task_id":"run_pipeline","try_number":1,"ti_id":"019e92b8-1f47-727d-81ef-86de6b7c9c3e","logger":"py.warnings"}
{"timestamp":"2026-06-04T13:00:01.327831Z","level":"warning","event":"The SLA feature is removed in Airflow 3.0, replaced with Deadline Alerts in >=3.1","category":"UserWarning","filename":"/home/airflow/.local/lib/python3.13/site-packages/airflow/providers/standard/operators/python.py","lineno":194,"run_id":"scheduled__2026-06-04T13:00:00+00:00","dag_id":"lib_pipeline","map_index":-1,"task_id":"run_pipeline","try_number":1,"ti_id":"019e92b8-1f47-727d-81ef-86de6b7c9c3e","logger":"py.warnings"}
{"timestamp":"2026-06-04T13:00:01.351874Z","level":"info","event":"Task instance is in running state","logger":"task.stdout"}
{"timestamp":"2026-06-04T13:00:01.352301Z","level":"info","event":" Previous state of the Task instance: TaskInstanceState.QUEUED","logger":"task.stdout"}
{"timestamp":"2026-06-04T13:00:01.352699Z","level":"info","event":"Current task name:run_pipeline","logger":"task.stdout"}
{"timestamp":"2026-06-04T13:00:01.352944Z","level":"info","event":"Dag name:lib_pipeline","logger":"task.stdout"}
{"timestamp":"2026-06-04T13:00:01.352504Z","level":"info","event":"::endgroup::","run_id":"scheduled__2026-06-04T13:00:00+00:00","dag_id":"lib_pipeline","map_index":-1,"task_id":"run_pipeline","try_number":1,"ti_id":"019e92b8-1f47-727d-81ef-86de6b7c9c3e","logger":"task","filename":"task_runner.py","lineno":1727}
{"timestamp":"2026-06-04T13:00:01.385288Z","level":"warning","event":"The behavior of DataFrame concatenation with empty or all-NA entries is deprecated. In a future version, this will no longer exclude empty or all-NA columns when determining the result dtypes. To retain the old behavior, exclude the relevant entries before the concat operation.","category":"FutureWarning","filename":"/opt/airflow/dags/datacleaner.py","lineno":45,"run_id":"scheduled__2026-06-04T13:00:00+00:00","dag_id":"lib_pipeline","map_index":-1,"task_id":"run_pipeline","try_number":1,"ti_id":"019e92b8-1f47-727d-81ef-86de6b7c9c3e","logger":"py.warnings"}
{"timestamp":"2026-06-04T13:00:01.600930Z","level":"info","event":"Data written to PostgresDB","logger":"task.stdout"}
{"timestamp":"2026-06-04T13:00:01.601297Z","level":"info","event":"Power BI: Get Data → PostgreSQL database → Server: localhost:5432, Database: library, Username: libadmin","logger":"task.stdout"}
{"timestamp":"2026-06-04T13:00:01.601119Z","level":"info","event":"Done. Returned value was: None","run_id":"scheduled__2026-06-04T13:00:00+00:00","dag_id":"lib_pipeline","map_index":-1,"task_id":"run_pipeline","try_number":1,"ti_id":"019e92b8-1f47-727d-81ef-86de6b7c9c3e","logger":"airflow.task.operators.airflow.providers.standard.operators.python.PythonOperator","filename":"python.py","lineno":233}
{"timestamp":"2026-06-04T13:00:01.601316Z","level":"info","event":"::group::Post Execute","run_id":"scheduled__2026-06-04T13:00:00+00:00","dag_id":"lib_pipeline","map_index":-1,"task_id":"run_pipeline","try_number":1,"ti_id":"019e92b8-1f47-727d-81ef-86de6b7c9c3e","logger":"task","filename":"task_runner.py","lineno":1288}
{"timestamp":"2026-06-04T13:00:01.620203Z","level":"info","event":"Pipeline ran successfully on run:  scheduled__2026-06-04T13:00:00+00:00","logger":"task.stdout"}
{"timestamp":"2026-06-04T13:00:01.620567Z","level":"info","event":"Task instance in success state","logger":"task.stdout"}
{"timestamp":"2026-06-04T13:00:01.620784Z","level":"info","event":" Previous state of the Task instance: TaskInstanceState.RUNNING","logger":"task.stdout"}
{"timestamp":"2026-06-04T13:00:01.621107Z","level":"info","event":"Task operator:<Task(PythonOperator): run_pipeline>","logger":"task.stdout"}
{"timestamp":"2026-06-04T13:00:01.620647Z","level":"info","event":"::endgroup::","run_id":"scheduled__2026-06-04T13:00:00+00:00","dag_id":"lib_pipeline","map_index":-1,"task_id":"run_pipeline","try_number":1,"ti_id":"019e92b8-1f47-727d-81ef-86de6b7c9c3e","logger":"task","filename":"task_runner.py","lineno":1896}
